<?xml version="1.0" encoding="UTF-8"?>
<!-- Generated by org.testng.reporters.JUnitReportReporter -->
<testsuite skipped="0" hostname="DESKTOP-I7FVRC3" name="com.TestRunner.TestRunner" tests="1" failures="0" timestamp="06 Aug 2020 20:10:54 GMT" time="22.958" errors="0">
  <testcase name="feature" time="22.958" classname="com.TestRunner.TestRunner"/>
</testsuite> <!-- com.TestRunner.TestRunner -->
